<?xml version="1.0" encoding="UTF-8"?>
<testsuite name="calculator.domain.StringAdditionCalculatorTest" tests="1" skipped="0" failures="0" errors="0" timestamp="2020-02-11T09:24:32" hostname="DESKTOP-OBKHH0E" time="0.143">
  <properties/>
  <testcase name="addTest()" classname="calculator.domain.StringAdditionCalculatorTest" time="0.143"/>
  <system-out><![CDATA[]]></system-out>
  <system-err><![CDATA[]]></system-err>
</testsuite>
